# JRE version: OpenJDK Runtime Environment (17.0.6) (build 17.0.6+0-b2043.56-9586694)
# Java VM: OpenJDK 64-Bit Server VM (17.0.6+0-b2043.56-9586694, mixed mode, tiered, compressed oops, compressed class ptrs, g1 gc, windows-amd64)
GC Precious Log:
 CPUs: 12 total, 12 available
 Memory: 15790M
 Large Page Support: Disabled
 NUMA Support: Disabled
 Compressed Oops: Enabled (32-bit)
 Heap Region Size: 1M
 Heap Min Capacity: 8M
 Heap Initial Capacity: 248M
 Heap Max Capacity: 1536M
 Pre-touch: Disabled
 Parallel Workers: 10
 Concurrent Workers: 3
 Concurrent Refinement Workers: 10
 Periodic GC: Disabled
Heap:
 garbage-first heap   total 104448K, used 71172K [0x00000000a0000000, 0x0000000100000000)
  region size 1024K, 19 young (19456K), 6 survivors (6144K)
 Metaspace       used 62009K, committed 62528K, reserved 1105920K
  class space    used 8152K, committed 8384K, reserved 1048576K
GC Heap History (20 events):
Event: 4.846 GC heap before
{Heap before GC invocations=9 (full 0):
 garbage-first heap   total 65536K, used 27428K [0x00000000a0000000, 0x0000000100000000)
  region size 1024K, 5 young (5120K), 4 survivors (4096K)
 Metaspace       used 39088K, committed 39488K, reserved 1089536K
  class space    used 5149K, committed 5312K, reserved 1048576K
}
Event: 4.848 GC heap after
{Heap after GC invocations=10 (full 0):
 garbage-first heap   total 65536K, used 25538K [0x00000000a0000000, 0x0000000100000000)
  region size 1024K, 1 young (1024K), 1 survivors (1024K)
 Metaspace       used 39088K, committed 39488K, reserved 1089536K
  class space    used 5149K, committed 5312K, reserved 1048576K
}
Event: 5.352 GC heap before
{Heap before GC invocations=10 (full 0):
 garbage-first heap   total 65536K, used 51138K [0x00000000a0000000, 0x0000000100000000)
  region size 1024K, 23 young (23552K), 1 survivors (1024K)
 Metaspace       used 41836K, committed 42176K, reserved 1089536K
  class space    used 5464K, committed 5632K, reserved 1048576K
}
Event: 5.354 GC heap after
{Heap after GC invocations=11 (full 0):
 garbage-first heap   total 65536K, used 27116K [0x00000000a0000000, 0x0000000100000000)
  region size 1024K, 2 young (2048K), 2 survivors (2048K)
 Metaspace       used 41836K, committed 42176K, reserved 1089536K
  class space    used 5464K, committed 5632K, reserved 1048576K
}
Event: 5.905 GC heap before
{Heap before GC invocations=11 (full 0):
 garbage-first heap   total 65536K, used 49644K [0x00000000a0000000, 0x0000000100000000)
  region size 1024K, 24 young (24576K), 2 survivors (2048K)
 Metaspace       used 44286K, committed 44608K, reserved 1089536K
  class space    used 5866K, committed 6016K, reserved 1048576K
}
Event: 5.908 GC heap after
{Heap after GC invocations=12 (full 0):
 garbage-first heap   total 65536K, used 28945K [0x00000000a0000000, 0x0000000100000000)
  region size 1024K, 2 young (2048K), 2 survivors (2048K)
 Metaspace       used 44286K, committed 44608K, reserved 1089536K
  class space    used 5866K, committed 6016K, reserved 1048576K
}
Event: 6.240 GC heap before
{Heap before GC invocations=12 (full 0):
 garbage-first heap   total 65536K, used 50449K [0x00000000a0000000, 0x0000000100000000)
  region size 1024K, 23 young (23552K), 2 survivors (2048K)
 Metaspace       used 46535K, committed 46912K, reserved 1089536K
  class space    used 6094K, committed 6272K, reserved 1048576K
}
Event: 6.244 GC heap after
{Heap after GC invocations=13 (full 0):
 garbage-first heap   total 65536K, used 30975K [0x00000000a0000000, 0x0000000100000000)
  region size 1024K, 2 young (2048K), 2 survivors (2048K)
 Metaspace       used 46535K, committed 46912K, reserved 1089536K
  class space    used 6094K, committed 6272K, reserved 1048576K
}
Event: 6.646 GC heap before
{Heap before GC invocations=13 (full 0):
 garbage-first heap   total 65536K, used 50431K [0x00000000a0000000, 0x0000000100000000)
  region size 1024K, 21 young (21504K), 2 survivors (2048K)
 Metaspace       used 48882K, committed 49344K, reserved 1097728K
  class space    used 6454K, committed 6656K, reserved 1048576K
}
Event: 6.649 GC heap after
{Heap after GC invocations=14 (full 0):
 garbage-first heap   total 65536K, used 31965K [0x00000000a0000000, 0x0000000100000000)
  region size 1024K, 2 young (2048K), 2 survivors (2048K)
 Metaspace       used 48882K, committed 49344K, reserved 1097728K
  class space    used 6454K, committed 6656K, reserved 1048576K
}
Event: 8.293 GC heap before
{Heap before GC invocations=15 (full 0):
 garbage-first heap   total 65536K, used 50397K [0x00000000a0000000, 0x0000000100000000)
  region size 1024K, 20 young (20480K), 2 survivors (2048K)
 Metaspace       used 50544K, committed 50944K, reserved 1097728K
  class space    used 6676K, committed 6848K, reserved 1048576K
}
Event: 8.295 GC heap after
{Heap after GC invocations=16 (full 0):
 garbage-first heap   total 65536K, used 33600K [0x00000000a0000000, 0x0000000100000000)
  region size 1024K, 3 young (3072K), 3 survivors (3072K)
 Metaspace       used 50544K, committed 50944K, reserved 1097728K
  class space    used 6676K, committed 6848K, reserved 1048576K
}
Event: 8.311 GC heap before
{Heap before GC invocations=16 (full 0):
 garbage-first heap   total 65536K, used 34624K [0x00000000a0000000, 0x0000000100000000)
  region size 1024K, 4 young (4096K), 3 survivors (3072K)
 Metaspace       used 50611K, committed 51072K, reserved 1097728K
  class space    used 6698K, committed 6912K, reserved 1048576K
}
Event: 8.314 GC heap after
{Heap after GC invocations=17 (full 0):
 garbage-first heap   total 65536K, used 33614K [0x00000000a0000000, 0x0000000100000000)
  region size 1024K, 1 young (1024K), 1 survivors (1024K)
 Metaspace       used 50611K, committed 51072K, reserved 1097728K
  class space    used 6698K, committed 6912K, reserved 1048576K
}
Event: 8.958 GC heap before
{Heap before GC invocations=17 (full 0):
 garbage-first heap   total 65536K, used 48974K [0x00000000a0000000, 0x0000000100000000)
  region size 1024K, 18 young (18432K), 1 survivors (1024K)
 Metaspace       used 51085K, committed 51520K, reserved 1097728K
  class space    used 6739K, committed 6912K, reserved 1048576K
}
Event: 8.959 GC heap after
{Heap after GC invocations=18 (full 0):
 garbage-first heap   total 104448K, used 34579K [0x00000000a0000000, 0x0000000100000000)
  region size 1024K, 2 young (2048K), 2 survivors (2048K)
 Metaspace       used 51085K, committed 51520K, reserved 1097728K
  class space    used 6739K, committed 6912K, reserved 1048576K
}
Event: 12.863 GC heap before
{Heap before GC invocations=18 (full 0):
 garbage-first heap   total 104448K, used 86803K [0x00000000a0000000, 0x0000000100000000)
  region size 1024K, 47 young (48128K), 2 survivors (2048K)
 Metaspace       used 56394K, committed 56896K, reserved 1105920K
  class space    used 7383K, committed 7616K, reserved 1048576K
}
Event: 12.868 GC heap after
{Heap after GC invocations=19 (full 0):
 garbage-first heap   total 104448K, used 48346K [0x00000000a0000000, 0x0000000100000000)
  region size 1024K, 6 young (6144K), 6 survivors (6144K)
 Metaspace       used 56394K, committed 56896K, reserved 1105920K
  class space    used 7383K, committed 7616K, reserved 1048576K
}
Event: 13.706 GC heap before
{Heap before GC invocations=19 (full 0):
 garbage-first heap   total 104448K, used 86234K [0x00000000a0000000, 0x0000000100000000)
  region size 1024K, 41 young (41984K), 6 survivors (6144K)
 Metaspace       used 60964K, committed 61440K, reserved 1105920K
  class space    used 8002K, committed 8192K, reserved 1048576K
}
Event: 13.711 GC heap after
{Heap after GC invocations=20 (full 0):
 garbage-first heap   total 104448K, used 56836K [0x00000000a0000000, 0x0000000100000000)
  region size 1024K, 6 young (6144K), 6 survivors (6144K)
 Metaspace       used 60964K, committed 61440K, reserved 1105920K
  class space    used 8002K, committed 8192K, reserved 1048576K
}

